14:39:30 **** Incremental Build of configuration Debug for project KEY_simulate ****
make -j20 all 
arm-none-eabi-size --format=berkeley "rtthread.elf"
   text	   data	    bss	    dec	    hex	filename
  51936	   1624	   3316	  56876	   de2c	rtthread.elf

              Used Size(B)           Used Size(KB)
Flash:          53560 B               52.30 KB
RAM:             4940 B                4.82 KB
14:42:52 **** Incremental Build of configuration Debug for project KEY_simulate ****
make -j20 all 
arm-none-eabi-gcc "../applications/main.c"
../applications/main.c: In function 'main':
../applications/main.c:94:21: error: 'length' undeclared (first use in this function)
     passout(passnum,length);
                     ^
../applications/main.c:94:21: note: each undeclared identifier is reported only once for each function it appears in
../applications/main.c: At top level:
../applications/main.c:21:20: warning: 'lib_id' defined but not used [-Wunused-variable]
 static rt_thread_t lib_id =RT_NULL;
                    ^
make: *** [applications/subdir.mk:21: applications/main.o] Error 1
"make -j20 all" terminated with exit code 2. Build might be incomplete.
14:43:04 **** Incremental Build of configuration Debug for project KEY_simulate ****
make -j20 all 
arm-none-eabi-gcc "../applications/main.c"
../applications/main.c: In function 'main':
../applications/main.c:94:5: error: 'length' undeclared (first use in this function)
     length = 1;
     ^
../applications/main.c:94:5: note: each undeclared identifier is reported only once for each function it appears in
../applications/main.c: At top level:
../applications/main.c:21:20: warning: 'lib_id' defined but not used [-Wunused-variable]
 static rt_thread_t lib_id =RT_NULL;
                    ^
make: *** [applications/subdir.mk:21: applications/main.o] Error 1
"make -j20 all" terminated with exit code 2. Build might be incomplete.
14:43:19 **** Incremental Build of configuration Debug for project KEY_simulate ****
make -j20 all 
arm-none-eabi-gcc "../applications/main.c"
../applications/main.c:21:20: warning: 'lib_id' defined but not used [-Wunused-variable]
 static rt_thread_t lib_id =RT_NULL;
                    ^
linking...
arm-none-eabi-objcopy -O binary "rtthread.elf"  "rtthread.bin"
arm-none-eabi-size --format=berkeley "rtthread.elf"
   text	   data	    bss	    dec	    hex	filename
  51932	   1624	   3316	  56872	   de28	rtthread.elf

              Used Size(B)           Used Size(KB)
Flash:          53556 B               52.30 KB
RAM:             4940 B                4.82 KB
14:44:18 **** Incremental Build of configuration Debug for project KEY_simulate ****
make -j20 all 
arm-none-eabi-gcc "../applications/main.c"
../applications/main.c:21:20: warning: 'lib_id' defined but not used [-Wunused-variable]
 static rt_thread_t lib_id =RT_NULL;
                    ^
linking...
arm-none-eabi-objcopy -O binary "rtthread.elf"  "rtthread.bin"
arm-none-eabi-size --format=berkeley "rtthread.elf"
   text	   data	    bss	    dec	    hex	filename
  51932	   1624	   3316	  56872	   de28	rtthread.elf

              Used Size(B)           Used Size(KB)
Flash:          53556 B               52.30 KB
RAM:             4940 B                4.82 KB
14:46:07 **** Incremental Build of configuration Debug for project KEY_simulate ****
make -j20 all 
arm-none-eabi-gcc "../applications/key.c"
linking...
arm-none-eabi-objcopy -O binary "rtthread.elf"  "rtthread.bin"
arm-none-eabi-size --format=berkeley "rtthread.elf"
   text	   data	    bss	    dec	    hex	filename
  51964	   1624	   3316	  56904	   de48	rtthread.elf

              Used Size(B)           Used Size(KB)
Flash:          53588 B               52.33 KB
RAM:             4940 B                4.82 KB
14:47:53 **** Incremental Build of configuration Debug for project KEY_simulate ****
make -j20 all 
arm-none-eabi-gcc "../applications/key.c"
linking...
arm-none-eabi-objcopy -O binary "rtthread.elf"  "rtthread.bin"
arm-none-eabi-size --format=berkeley "rtthread.elf"
   text	   data	    bss	    dec	    hex	filename
  51940	   1624	   3316	  56880	   de30	rtthread.elf

              Used Size(B)           Used Size(KB)
Flash:          53564 B               52.31 KB
RAM:             4940 B                4.82 KB
14:56:28 **** Incremental Build of configuration Debug for project KEY_simulate ****
make -j20 all 
arm-none-eabi-gcc "../applications/key.c"
../applications/key.c: In function 'length':
../applications/key.c:364:26: warning: 'sizeof' on array function parameter 'arr' will return size of 'uint16_t * {aka short unsigned int *}' [-Wsizeof-array-argument]
     for(int i=0; i<sizeof(arr); i++)
                          ^
../applications/key.c:361:26: note: declared here
 uint16_t length(uint16_t arr[])
                          ^
linking...
arm-none-eabi-objcopy -O binary "rtthread.elf"  "rtthread.bin"
arm-none-eabi-size --format=berkeley "rtthread.elf"
   text	   data	    bss	    dec	    hex	filename
  51940	   1624	   3316	  56880	   de30	rtthread.elf

              Used Size(B)           Used Size(KB)
Flash:          53564 B               52.31 KB
RAM:             4940 B                4.82 KB
15:35:40 **** Incremental Build of configuration Debug for project KEY_simulate ****
make -j20 all 
arm-none-eabi-size --format=berkeley "rtthread.elf"
   text	   data	    bss	    dec	    hex	filename
  51940	   1624	   3316	  56880	   de30	rtthread.elf

              Used Size(B)           Used Size(KB)
Flash:          53564 B               52.31 KB
RAM:             4940 B                4.82 KB
15:35:52 **** Incremental Build of configuration Debug for project KEY_simulate ****
make -j20 all 
arm-none-eabi-gcc "../applications/main.c"
../applications/main.c: In function 'main':
../applications/main.c:93:29: error: invalid application of 'sizeof' to incomplete type 'uint16_t[] {aka short unsigned int[]}'
     uint16_t length = sizeof(passnum) / sizeof(passnum[0]);
                             ^
../applications/main.c: At top level:
../applications/main.c:21:20: warning: 'lib_id' defined but not used [-Wunused-variable]
 static rt_thread_t lib_id =RT_NULL;
                    ^
make: *** [applications/subdir.mk:21: applications/main.o] Error 1
"make -j20 all" terminated with exit code 2. Build might be incomplete.
15:39:38 **** Incremental Build of configuration Debug for project KEY_simulate ****
make -j20 all 
arm-none-eabi-gcc "../applications/key.c"
arm-none-eabi-gcc "../applications/main.c"
../applications/main.c: In function 'main':
../applications/main.c:94:21: error: 'length' undeclared (first use in this function)
     passout(passnum,length);
                     ^
../applications/main.c:94:21: note: each undeclared identifier is reported only once for each function it appears in
../applications/main.c: At top level:
../applications/main.c:21:20: warning: 'lib_id' defined but not used [-Wunused-variable]
 static rt_thread_t lib_id =RT_NULL;
                    ^
../applications/key.c: In function 'length':
../applications/key.c:364:26: warning: 'sizeof' on array function parameter 'arr' will return size of 'uint16_t * {aka short unsigned int *}' [-Wsizeof-array-argument]
     for(int i=0; i<sizeof(arr); i++)
                          ^
../applications/key.c:361:26: note: declared here
 uint16_t length(uint16_t arr[])
                          ^
../applications/key.c: In function 'passout':
../applications/key.c:383:25: warning: 'sizeof' on array function parameter 'arr' will return size of 'uint16_t * {aka short unsigned int *}' [-Wsizeof-array-argument]
     uint8_t num = sizeof(arr) / sizeof(arr[0]);
                         ^
../applications/key.c:381:23: note: declared here
 void passout(uint16_t arr[],uint8_t len)
                       ^
../applications/key.c:383:13: warning: unused variable 'num' [-Wunused-variable]
     uint8_t num = sizeof(arr) / sizeof(arr[0]);
             ^
make: *** [applications/subdir.mk:21: applications/main.o] Error 1
make: *** Waiting for unfinished jobs....
"make -j20 all" terminated with exit code 2. Build might be incomplete.
15:44:17 **** Incremental Build of configuration Debug for project KEY_simulate ****
make -j20 all 
arm-none-eabi-gcc "../applications/key.c"
arm-none-eabi-gcc "../applications/main.c"
../applications/key.c: In function 'length':
../applications/key.c:364:26: warning: 'sizeof' on array function parameter 'arr' will return size of 'uint16_t * {aka short unsigned int *}' [-Wsizeof-array-argument]
     for(int i=0; i<sizeof(arr); i++)
                          ^
../applications/key.c:361:26: note: declared here
 uint16_t length(uint16_t arr[])
                          ^
../applications/main.c:21:20: warning: 'lib_id' defined but not used [-Wunused-variable]
 static rt_thread_t lib_id =RT_NULL;
                    ^
linking...
arm-none-eabi-objcopy -O binary "rtthread.elf"  "rtthread.bin"
arm-none-eabi-size --format=berkeley "rtthread.elf"
   text	   data	    bss	    dec	    hex	filename
  51940	   1624	   3316	  56880	   de30	rtthread.elf

              Used Size(B)           Used Size(KB)
Flash:          53564 B               52.31 KB
RAM:             4940 B                4.82 KB
15:44:38 **** Incremental Build of configuration Debug for project KEY_simulate ****
make -j20 all 
arm-none-eabi-size --format=berkeley "rtthread.elf"
   text	   data	    bss	    dec	    hex	filename
  51940	   1624	   3316	  56880	   de30	rtthread.elf

              Used Size(B)           Used Size(KB)
Flash:          53564 B               52.31 KB
RAM:             4940 B                4.82 KB
15:48:29 **** Incremental Build of configuration Debug for project KEY_simulate ****
make -j20 all 
arm-none-eabi-gcc "../applications/key.c"
arm-none-eabi-gcc "../applications/main.c"
../applications/main.c:21:20: warning: 'lib_id' defined but not used [-Wunused-variable]
 static rt_thread_t lib_id =RT_NULL;
                    ^
../applications/key.c: In function 'length':
../applications/key.c:364:26: warning: 'sizeof' on array function parameter 'arr' will return size of 'uint16_t * {aka short unsigned int *}' [-Wsizeof-array-argument]
     for(int i=0; i<sizeof(arr); i++)
                          ^
../applications/key.c:361:26: note: declared here
 uint16_t length(uint16_t arr[])
                          ^
linking...
arm-none-eabi-objcopy -O binary "rtthread.elf"  "rtthread.bin"
arm-none-eabi-size --format=berkeley "rtthread.elf"
   text	   data	    bss	    dec	    hex	filename
  51940	   1632	   3316	  56888	   de38	rtthread.elf

              Used Size(B)           Used Size(KB)
Flash:          53572 B               52.32 KB
RAM:             4948 B                4.83 KB
16:08:57 **** Incremental Build of configuration Debug for project key11 ****
make -j20 all 
arm-none-eabi-gcc "../applications/main.c"
../applications/main.c: In function 'passout':
../applications/main.c:79:27: error: 'passnum' undeclared (first use in this function)
     for(int i=0; i<sizeof(passnum); i++)
                           ^
../applications/main.c:79:27: note: each undeclared identifier is reported only once for each function it appears in
make: *** [applications/subdir.mk:21: applications/main.o] Error 1
"make -j20 all" terminated with exit code 2. Build might be incomplete.
16:09:07 **** Incremental Build of configuration Debug for project key11 ****
make -j20 all 
arm-none-eabi-gcc "../applications/main.c"
linking...
arm-none-eabi-objcopy -O binary "rtthread.elf"  "rtthread.bin"
arm-none-eabi-size --format=berkeley "rtthread.elf"
   text	   data	    bss	    dec	    hex	filename
  54016	   1808	   3400	  59224	   e758	rtthread.elf

              Used Size(B)           Used Size(KB)
Flash:          55824 B               54.52 KB
RAM:             5208 B                5.09 KB
16:13:52 **** Incremental Build of configuration Debug for project KEY_simulate ****
make -j20 all 
arm-none-eabi-gcc "../applications/key.c"
arm-none-eabi-gcc "../applications/main.c"
../applications/main.c: In function 'lib_rt_thread_entry':
../applications/main.c:74:17: error: expected expression before 'uint16_t'
         passout(uint16_t arr[],uint8_t len);
                 ^
../applications/main.c:74:9: error: too few arguments to function 'passout'
         passout(uint16_t arr[],uint8_t len);
         ^
In file included from ../applications/main.c:18:0:
../applications/key.h:75:6: note: declared here
 void passout(uint16_t arr[],uint8_t len);
      ^
../applications/main.c: In function 'main':
../applications/main.c:92:115: error: 'length' undeclared (first use in this function)
     lib_id = rt_thread_create("lib_thread", lib_rt_thread_entry, (uint16_t*)passnum, (uint8_t)(sizeof(uint16_t) * length),RT_NULL, 512, 25, 25);
                                                                                                                   ^
../applications/main.c:92:115: note: each undeclared identifier is reported only once for each function it appears in
../applications/main.c:92:14: error: too many arguments to function 'rt_thread_create'
     lib_id = rt_thread_create("lib_thread", lib_rt_thread_entry, (uint16_t*)passnum, (uint8_t)(sizeof(uint16_t) * length),RT_NULL, 512, 25, 25);
              ^
In file included from ../applications/main.c:11:0:
D:\RT-ThreadStudio\Zedd\KEY_simulate\rt-thread\include/rtthread.h:130:13: note: declared here
 rt_thread_t rt_thread_create(const char *name,
             ^
../applications/key.c: In function 'length':
../applications/key.c:358:26: warning: 'sizeof' on array function parameter 'arr' will return size of 'uint16_t * {aka short unsigned int *}' [-Wsizeof-array-argument]
     for(int i=0; i<sizeof(arr); i++)
                          ^
../applications/key.c:355:26: note: declared here
 uint16_t length(uint16_t arr[])
                          ^
make: *** [applications/subdir.mk:21: applications/main.o] Error 1
make: *** Waiting for unfinished jobs....
"make -j20 all" terminated with exit code 2. Build might be incomplete.
16:15:11 **** Incremental Build of configuration Debug for project KEY_simulate ****
make -j20 all 
arm-none-eabi-gcc "../applications/main.c"
../applications/main.c: In function 'lib_rt_thread_entry':
../applications/main.c:74:17: error: expected expression before 'uint16_t'
         passout(uint16_t arr[],uint8_t len);
                 ^
../applications/main.c:74:9: error: too few arguments to function 'passout'
         passout(uint16_t arr[],uint8_t len);
         ^
In file included from ../applications/main.c:18:0:
../applications/key.h:75:6: note: declared here
 void passout(uint16_t arr[],uint8_t len);
      ^
../applications/main.c: In function 'main':
../applications/main.c:92:115: error: 'length' undeclared (first use in this function)
     lib_id = rt_thread_create("lib_thread", lib_rt_thread_entry, (uint16_t*)passnum, (uint8_t)(sizeof(uint16_t) * length),RT_NULL, 512, 25, 25);
                                                                                                                   ^
../applications/main.c:92:115: note: each undeclared identifier is reported only once for each function it appears in
../applications/main.c:92:14: error: too many arguments to function 'rt_thread_create'
     lib_id = rt_thread_create("lib_thread", lib_rt_thread_entry, (uint16_t*)passnum, (uint8_t)(sizeof(uint16_t) * length),RT_NULL, 512, 25, 25);
              ^
In file included from ../applications/main.c:11:0:
D:\RT-ThreadStudio\Zedd\KEY_simulate\rt-thread\include/rtthread.h:130:13: note: declared here
 rt_thread_t rt_thread_create(const char *name,
             ^
make: *** [applications/subdir.mk:21: applications/main.o] Error 1
"make -j20 all" terminated with exit code 2. Build might be incomplete.
16:16:11 **** Incremental Build of configuration Debug for project KEY_simulate ****
make -j20 all 
arm-none-eabi-gcc "../applications/main.c"
../applications/main.c: In function 'lib_rt_thread_entry':
../applications/main.c:74:17: error: expected expression before 'uint16_t'
         passout(uint16_t arr[],uint8_t len);
                 ^
../applications/main.c:74:9: error: too few arguments to function 'passout'
         passout(uint16_t arr[],uint8_t len);
         ^
In file included from ../applications/main.c:18:0:
../applications/key.h:75:6: note: declared here
 void passout(uint16_t arr[],uint8_t len);
      ^
../applications/main.c: In function 'main':
../applications/main.c:92:116: error: 'length' undeclared (first use in this function)
     lib_id = rt_thread_create("lib_thread", lib_rt_thread_entry, (uint16_t*)passnum, (uint16_t)(sizeof(uint16_t) * length),RT_NULL, 512, 25, 25);
                                                                                                                    ^
../applications/main.c:92:116: note: each undeclared identifier is reported only once for each function it appears in
../applications/main.c:92:14: error: too many arguments to function 'rt_thread_create'
     lib_id = rt_thread_create("lib_thread", lib_rt_thread_entry, (uint16_t*)passnum, (uint16_t)(sizeof(uint16_t) * length),RT_NULL, 512, 25, 25);
              ^
In file included from ../applications/main.c:11:0:
D:\RT-ThreadStudio\Zedd\KEY_simulate\rt-thread\include/rtthread.h:130:13: note: declared here
 rt_thread_t rt_thread_create(const char *name,
             ^
make: *** [applications/subdir.mk:21: applications/main.o] Error 1
"make -j20 all" terminated with exit code 2. Build might be incomplete.
16:17:42 **** Incremental Build of configuration Debug for project KEY_simulate ****
make -j20 all 
arm-none-eabi-gcc "../applications/main.c"
../applications/main.c: In function 'lib_rt_thread_entry':
../applications/main.c:74:17: error: expected expression before 'uint16_t'
         passout(uint16_t arr[],uint8_t len);
                 ^
../applications/main.c:74:9: error: too few arguments to function 'passout'
         passout(uint16_t arr[],uint8_t len);
         ^
In file included from ../applications/main.c:18:0:
../applications/key.h:75:6: note: declared here
 void passout(uint16_t arr[],uint8_t len);
      ^
../applications/main.c:70:15: warning: unused variable 'passnum' [-Wunused-variable]
     uint16_t* passnum = (uint16_t*)parameter;
               ^
../applications/main.c: In function 'main':
../applications/main.c:92:115: error: 'length' undeclared (first use in this function)
     lib_id = rt_thread_create("lib_thread", lib_rt_thread_entry, (uint8_t*)passnum, (uint16_t)(sizeof(uint16_t) * length),RT_NULL, 512, 25, 25);
                                                                                                                   ^
../applications/main.c:92:115: note: each undeclared identifier is reported only once for each function it appears in
../applications/main.c:92:14: error: too many arguments to function 'rt_thread_create'
     lib_id = rt_thread_create("lib_thread", lib_rt_thread_entry, (uint8_t*)passnum, (uint16_t)(sizeof(uint16_t) * length),RT_NULL, 512, 25, 25);
              ^
In file included from ../applications/main.c:11:0:
D:\RT-ThreadStudio\Zedd\KEY_simulate\rt-thread\include/rtthread.h:130:13: note: declared here
 rt_thread_t rt_thread_create(const char *name,
             ^
make: *** [applications/subdir.mk:21: applications/main.o] Error 1
"make -j20 all" terminated with exit code 2. Build might be incomplete.
16:17:50 **** Incremental Build of configuration Debug for project KEY_simulate ****
make -j20 all 
arm-none-eabi-gcc "../applications/main.c"
../applications/main.c: In function 'lib_rt_thread_entry':
../applications/main.c:74:17: error: expected expression before 'uint16_t'
         passout(uint16_t arr[],uint8_t len);
                 ^
../applications/main.c:74:9: error: too few arguments to function 'passout'
         passout(uint16_t arr[],uint8_t len);
         ^
In file included from ../applications/main.c:18:0:
../applications/key.h:75:6: note: declared here
 void passout(uint16_t arr[],uint8_t len);
      ^
../applications/main.c:70:15: warning: unused variable 'passnum' [-Wunused-variable]
     uint16_t* passnum = (uint16_t*)parameter;
               ^
../applications/main.c: In function 'main':
../applications/main.c:92:115: error: 'length' undeclared (first use in this function)
     lib_id = rt_thread_create("lib_thread", lib_rt_thread_entry, (uint8_t*)passnum, (uint16_t)(sizeof(uint16_t) * length),RT_NULL, 512, 25, 25);
                                                                                                                   ^
../applications/main.c:92:115: note: each undeclared identifier is reported only once for each function it appears in
../applications/main.c:92:14: error: too many arguments to function 'rt_thread_create'
     lib_id = rt_thread_create("lib_thread", lib_rt_thread_entry, (uint8_t*)passnum, (uint16_t)(sizeof(uint16_t) * length),RT_NULL, 512, 25, 25);
              ^
In file included from ../applications/main.c:11:0:
D:\RT-ThreadStudio\Zedd\KEY_simulate\rt-thread\include/rtthread.h:130:13: note: declared here
 rt_thread_t rt_thread_create(const char *name,
             ^
make: *** [applications/subdir.mk:21: applications/main.o] Error 1
"make -j20 all" terminated with exit code 2. Build might be incomplete.
16:19:35 **** Incremental Build of configuration Debug for project KEY_simulate ****
make -j20 all 
arm-none-eabi-gcc "../applications/main.c"
../applications/main.c: In function 'lib_rt_thread_entry':
../applications/main.c:74:17: error: expected expression before 'uint16_t'
         passout(uint16_t arr[],uint8_t len);
                 ^
../applications/main.c:74:9: error: too few arguments to function 'passout'
         passout(uint16_t arr[],uint8_t len);
         ^
In file included from ../applications/main.c:18:0:
../applications/key.h:75:6: note: declared here
 void passout(uint16_t arr[],uint8_t len);
      ^
../applications/main.c:70:15: warning: unused variable 'passnum' [-Wunused-variable]
     uint16_t* passnum = (uint16_t*)parameter;
               ^
../applications/main.c: In function 'main':
../applications/main.c:92:93: warning: large integer implicitly truncated to unsigned type [-Woverflow]
     lib_id = rt_thread_create("lib_thread", lib_rt_thread_entry, (uint8_t*)passnum,RT_NULL, 512, 25, 25);
                                                                                             ^
../applications/main.c:92:14: error: too many arguments to function 'rt_thread_create'
     lib_id = rt_thread_create("lib_thread", lib_rt_thread_entry, (uint8_t*)passnum,RT_NULL, 512, 25, 25);
              ^
In file included from ../applications/main.c:11:0:
D:\RT-ThreadStudio\Zedd\KEY_simulate\rt-thread\include/rtthread.h:130:13: note: declared here
 rt_thread_t rt_thread_create(const char *name,
             ^
make: *** [applications/subdir.mk:21: applications/main.o] Error 1
"make -j20 all" terminated with exit code 2. Build might be incomplete.
16:20:01 **** Incremental Build of configuration Debug for project KEY_simulate ****
make -j20 all 
arm-none-eabi-gcc "../applications/main.c"
../applications/main.c: In function 'lib_rt_thread_entry':
../applications/main.c:74:17: error: expected expression before 'uint16_t'
         passout(uint16_t arr[],uint8_t len);
                 ^
../applications/main.c:74:9: error: too few arguments to function 'passout'
         passout(uint16_t arr[],uint8_t len);
         ^
In file included from ../applications/main.c:18:0:
../applications/key.h:75:6: note: declared here
 void passout(uint16_t arr[],uint8_t len);
      ^
../applications/main.c:70:14: warning: unused variable 'passnum' [-Wunused-variable]
     uint8_t* passnum = (uint8_t*)parameter;
              ^
../applications/main.c: In function 'main':
../applications/main.c:92:93: warning: large integer implicitly truncated to unsigned type [-Woverflow]
     lib_id = rt_thread_create("lib_thread", lib_rt_thread_entry, (uint8_t*)passnum,RT_NULL, 512, 25, 25);
                                                                                             ^
../applications/main.c:92:14: error: too many arguments to function 'rt_thread_create'
     lib_id = rt_thread_create("lib_thread", lib_rt_thread_entry, (uint8_t*)passnum,RT_NULL, 512, 25, 25);
              ^
In file included from ../applications/main.c:11:0:
D:\RT-ThreadStudio\Zedd\KEY_simulate\rt-thread\include/rtthread.h:130:13: note: declared here
 rt_thread_t rt_thread_create(const char *name,
             ^
make: *** [applications/subdir.mk:21: applications/main.o] Error 1
"make -j20 all" terminated with exit code 2. Build might be incomplete.
15:44:38 **** Incremental Build of configuration Debug for project KEY_simulate ****
make -j20 all 
arm-none-eabi-gcc "../applications/main.c"
../applications/main.c: In function 'lib_rt_thread_entry':
../applications/main.c:70:14: warning: unused variable 'passnum' [-Wunused-variable]
     uint8_t* passnum = (uint8_t*)parameter;
              ^
../applications/main.c: At top level:
../applications/main.c:21:20: warning: 'lib_id' defined but not used [-Wunused-variable]
 static rt_thread_t lib_id =RT_NULL;
                    ^
linking...
arm-none-eabi-objcopy -O binary "rtthread.elf"  "rtthread.bin"
arm-none-eabi-size --format=berkeley "rtthread.elf"
   text	   data	    bss	    dec	    hex	filename
  51940	   1632	   3316	  56888	   de38	rtthread.elf

              Used Size(B)           Used Size(KB)
Flash:          53572 B               52.32 KB
RAM:             4948 B                4.83 KB
15:48:34 **** Incremental Build of configuration Debug for project KEY_simulate ****
make -j20 all 
arm-none-eabi-gcc "../applications/key.c"
arm-none-eabi-gcc "../applications/main.c"
../applications/key.c: In function 'length':
../applications/key.c:359:26: warning: 'sizeof' on array function parameter 'arr' will return size of 'uint16_t * {aka short unsigned int *}' [-Wsizeof-array-argument]
     for(int i=0; i<sizeof(arr); i++)
                          ^
../applications/key.c:356:26: note: declared here
 uint16_t length(uint16_t arr[])
                          ^
../applications/main.c:21:20: warning: 'lib_id' defined but not used [-Wunused-variable]
 static rt_thread_t lib_id =RT_NULL;
                    ^
linking...
arm-none-eabi-objcopy -O binary "rtthread.elf"  "rtthread.bin"
arm-none-eabi-size --format=berkeley "rtthread.elf"
   text	   data	    bss	    dec	    hex	filename
  51940	   1632	   3316	  56888	   de38	rtthread.elf

              Used Size(B)           Used Size(KB)
Flash:          53572 B               52.32 KB
RAM:             4948 B                4.83 KB
