09:47:01 **** Incremental Build of configuration Debug for project scan ****
make -j20 all 
arm-none-eabi-gcc "../rt-thread/src/clock.c"
arm-none-eabi-gcc "../rt-thread/src/components.c"
arm-none-eabi-gcc "../rt-thread/src/device.c"
arm-none-eabi-gcc "../rt-thread/src/idle.c"
arm-none-eabi-gcc "../rt-thread/src/ipc.c"
arm-none-eabi-gcc "../rt-thread/src/irq.c"
arm-none-eabi-gcc "../rt-thread/src/kservice.c"
arm-none-eabi-gcc "../rt-thread/src/mem.c"
arm-none-eabi-gcc "../rt-thread/src/mempool.c"
arm-none-eabi-gcc "../rt-thread/src/object.c"
arm-none-eabi-gcc "../rt-thread/src/scheduler.c"
arm-none-eabi-gcc "../rt-thread/src/signal.c"
arm-none-eabi-gcc "../rt-thread/src/thread.c"
arm-none-eabi-gcc "../rt-thread/src/timer.c"
arm-none-eabi-gcc "../rt-thread/libcpu/arm/cortex-m3/cpuport.c"
arm-none-eabi-gcc "../rt-thread/libcpu/arm/common/backtrace.c"
arm-none-eabi-gcc "../rt-thread/libcpu/arm/common/div0.c"
arm-none-eabi-gcc "../rt-thread/libcpu/arm/common/showmem.c"
arm-none-eabi-gcc "../rt-thread/components/libc/compilers/common/time.c"
arm-none-eabi-gcc "../rt-thread/components/finsh/cmd.c"
arm-none-eabi-gcc "../rt-thread/components/finsh/msh.c"
arm-none-eabi-gcc "../rt-thread/components/finsh/shell.c"
arm-none-eabi-gcc "../rt-thread/components/drivers/src/completion.c"
arm-none-eabi-gcc "../rt-thread/components/drivers/src/dataqueue.c"
arm-none-eabi-gcc "../rt-thread/components/drivers/src/pipe.c"
arm-none-eabi-gcc "../rt-thread/components/drivers/src/ringblk_buf.c"
arm-none-eabi-gcc "../rt-thread/components/drivers/src/ringbuffer.c"
arm-none-eabi-gcc "../rt-thread/components/drivers/src/waitqueue.c"
arm-none-eabi-gcc "../rt-thread/components/drivers/src/workqueue.c"
arm-none-eabi-gcc "../rt-thread/components/drivers/serial/serial.c"
arm-none-eabi-gcc "../rt-thread/components/drivers/misc/pin.c"
arm-none-eabi-gcc "../libraries/STM32F1xx_HAL_Driver/Src/Legacy/stm32f1xx_hal_can.c"
arm-none-eabi-gcc "../libraries/STM32F1xx_HAL_Driver/Src/stm32f1xx_hal.c"
arm-none-eabi-gcc "../libraries/STM32F1xx_HAL_Driver/Src/stm32f1xx_hal_adc.c"
arm-none-eabi-gcc "../libraries/STM32F1xx_HAL_Driver/Src/stm32f1xx_hal_adc_ex.c"
arm-none-eabi-gcc "../libraries/STM32F1xx_HAL_Driver/Src/stm32f1xx_hal_can.c"
arm-none-eabi-gcc "../libraries/STM32F1xx_HAL_Driver/Src/stm32f1xx_hal_cec.c"
arm-none-eabi-gcc "../libraries/STM32F1xx_HAL_Driver/Src/stm32f1xx_hal_cortex.c"
arm-none-eabi-gcc "../libraries/STM32F1xx_HAL_Driver/Src/stm32f1xx_hal_crc.c"
arm-none-eabi-gcc "../libraries/STM32F1xx_HAL_Driver/Src/stm32f1xx_hal_dac.c"
arm-none-eabi-gcc "../libraries/STM32F1xx_HAL_Driver/Src/stm32f1xx_hal_dac_ex.c"
In file included from ../libraries/STM32F1xx_HAL_Driver/Src/stm32f1xx_hal.c:36:0:
D:\RT-ThreadStudio\Zedd\scan\libraries\STM32F1xx_HAL_Driver\Inc/stm32f1xx_hal.h:30:32: fatal error: stm32f1xx_hal_conf.h: No such file or directory
compilation terminated.
In file included from ../libraries/STM32F1xx_HAL_Driver/Src/Legacy/stm32f1xx_hal_can.c:112:0:
D:\RT-ThreadStudio\Zedd\scan\libraries\STM32F1xx_HAL_Driver\Inc/stm32f1xx_hal.h:30:32: fatal error: stm32f1xx_hal_conf.h: No such file or directory
compilation terminated.
make: *** [libraries/STM32F1xx_HAL_Driver/Src/subdir.mk:141: libraries/STM32F1xx_HAL_Driver/Src/stm32f1xx_hal.o] Error 1
make: *** Waiting for unfinished jobs....
make: *** [libraries/STM32F1xx_HAL_Driver/Src/Legacy/subdir.mk:18: libraries/STM32F1xx_HAL_Driver/Src/Legacy/stm32f1xx_hal_can.o] Error 1
In file included from ../libraries/STM32F1xx_HAL_Driver/Src/stm32f1xx_hal_adc.c:325:0:
D:\RT-ThreadStudio\Zedd\scan\libraries\STM32F1xx_HAL_Driver\Inc/stm32f1xx_hal.h:30:32: fatal error: stm32f1xx_hal_conf.h: No such file or directory
compilation terminated.
In file included from ../libraries/STM32F1xx_HAL_Driver/Src/stm32f1xx_hal_adc_ex.c:39:0:
D:\RT-ThreadStudio\Zedd\scan\libraries\STM32F1xx_HAL_Driver\Inc/stm32f1xx_hal.h:30:32: fatal error: stm32f1xx_hal_conf.h: No such file or directory
compilation terminated.
make: *** [libraries/STM32F1xx_HAL_Driver/Src/subdir.mk:141: libraries/STM32F1xx_HAL_Driver/Src/stm32f1xx_hal_adc.o] Error 1
make: *** [libraries/STM32F1xx_HAL_Driver/Src/subdir.mk:141: libraries/STM32F1xx_HAL_Driver/Src/stm32f1xx_hal_adc_ex.o] Error 1
In file included from ../libraries/STM32F1xx_HAL_Driver/Src/stm32f1xx_hal_can.c:213:0:
D:\RT-ThreadStudio\Zedd\scan\libraries\STM32F1xx_HAL_Driver\Inc/stm32f1xx_hal.h:30:32: fatal error: stm32f1xx_hal_conf.h: No such file or directory
compilation terminated.
make: *** [libraries/STM32F1xx_HAL_Driver/Src/subdir.mk:141: libraries/STM32F1xx_HAL_Driver/Src/stm32f1xx_hal_can.o] Error 1
In file included from ../libraries/STM32F1xx_HAL_Driver/Src/stm32f1xx_hal_cec.c:110:0:
D:\RT-ThreadStudio\Zedd\scan\libraries\STM32F1xx_HAL_Driver\Inc/stm32f1xx_hal.h:30:32: fatal error: stm32f1xx_hal_conf.h: No such file or directory
compilation terminated.
make: *** [libraries/STM32F1xx_HAL_Driver/Src/subdir.mk:141: libraries/STM32F1xx_HAL_Driver/Src/stm32f1xx_hal_cec.o] Error 1
In file included from ../libraries/STM32F1xx_HAL_Driver/Src/stm32f1xx_hal_cortex.c:83:0:
D:\RT-ThreadStudio\Zedd\scan\libraries\STM32F1xx_HAL_Driver\Inc/stm32f1xx_hal.h:30:32: fatal error: stm32f1xx_hal_conf.h: No such file or directory
compilation terminated.
make: *** [libraries/STM32F1xx_HAL_Driver/Src/subdir.mk:141: libraries/STM32F1xx_HAL_Driver/Src/stm32f1xx_hal_cortex.o] Error 1
In file included from ../libraries/STM32F1xx_HAL_Driver/Src/stm32f1xx_hal_crc.c:46:0:
D:\RT-ThreadStudio\Zedd\scan\libraries\STM32F1xx_HAL_Driver\Inc/stm32f1xx_hal.h:30:32: fatal error: stm32f1xx_hal_conf.h: No such file or directory
compilation terminated.
make: *** [libraries/STM32F1xx_HAL_Driver/Src/subdir.mk:141: libraries/STM32F1xx_HAL_Driver/Src/stm32f1xx_hal_crc.o] Error 1
In file included from ../libraries/STM32F1xx_HAL_Driver/Src/stm32f1xx_hal_dac.c:250:0:
D:\RT-ThreadStudio\Zedd\scan\libraries\STM32F1xx_HAL_Driver\Inc/stm32f1xx_hal.h:30:32: fatal error: stm32f1xx_hal_conf.h: No such file or directory
compilation terminated.
make: *** [libraries/STM32F1xx_HAL_Driver/Src/subdir.mk:141: libraries/STM32F1xx_HAL_Driver/Src/stm32f1xx_hal_dac.o] Error 1
In file included from ../libraries/STM32F1xx_HAL_Driver/Src/stm32f1xx_hal_dac_ex.c:44:0:
D:\RT-ThreadStudio\Zedd\scan\libraries\STM32F1xx_HAL_Driver\Inc/stm32f1xx_hal.h:30:32: fatal error: stm32f1xx_hal_conf.h: No such file or directory
compilation terminated.
make: *** [libraries/STM32F1xx_HAL_Driver/Src/subdir.mk:141: libraries/STM32F1xx_HAL_Driver/Src/stm32f1xx_hal_dac_ex.o] Error 1
"make -j20 all" terminated with exit code 2. Build might be incomplete.

09:47:02 Build Failed. 21 errors, 0 warnings. (took 727ms)

